<testsuites id="" name="" tests="25" failures="20" skipped="0" errors="0" time="78.55039700000002">
<testsuite name="e2e\real-analytics-generation.test.ts" timestamp="2025-06-10T08:03:11.194Z" hostname="chromium" tests="5" failures="4" skipped="0" time="115.394" errors="0">
<testcase name="Real Analytics Generation â€º Extract real analytics data from allrecipes" classname="e2e\real-analytics-generation.test.ts" time="33.137">
<failure message="real-analytics-generation.test.ts:72:9 Extract real analytics data from allrecipes" type="FAILURE">
<![CDATA[  [chromium] â€º e2e\real-analytics-generation.test.ts:72:9 â€º Real Analytics Generation â€º Extract real analytics data from allrecipes 

    Error: expect(received).toBeTruthy()

    Received: null

      112 |       
      113 |       // Verify extraction was successful
    > 114 |       expect(finalResult).toBeTruthy();
          |                           ^
      115 |       expect(finalResult.recipe).toBeTruthy();
      116 |       expect(finalResult.recipe.title).toBeTruthy();
      117 |       expect(finalResult.recipe.ingredients).toBeTruthy();
        at C:\Users\blake\OneDrive\Desktop\NewProjects\FinalMothersDayV2\carens-cookbook\tests\e2e\real-analytics-generation.test.ts:114:27

    Error Context: ..\test-results\e2e-real-analytics-generat-0c068-lytics-data-from-allrecipes-chromium\error-context.md
]]>
</failure>
<system-out>
<![CDATA[ðŸ” Testing extraction from: https://www.allrecipes.com/recipe/213742/cheesy-chicken-broccoli-casserole/
â±ï¸  Request completed in 33125ms

[[ATTACHMENT|e2e-real-analytics-generat-0c068-lytics-data-from-allrecipes-chromium\error-context.md]]
]]>
</system-out>
</testcase>
<testcase name="Real Analytics Generation â€º Extract real analytics data from kingarthur" classname="e2e\real-analytics-generation.test.ts" time="32.066">
<failure message="real-analytics-generation.test.ts:72:9 Extract real analytics data from kingarthur" type="FAILURE">
<![CDATA[  [chromium] â€º e2e\real-analytics-generation.test.ts:72:9 â€º Real Analytics Generation â€º Extract real analytics data from kingarthur 

    Error: expect(received).toBeTruthy()

    Received: null

      112 |       
      113 |       // Verify extraction was successful
    > 114 |       expect(finalResult).toBeTruthy();
          |                           ^
      115 |       expect(finalResult.recipe).toBeTruthy();
      116 |       expect(finalResult.recipe.title).toBeTruthy();
      117 |       expect(finalResult.recipe.ingredients).toBeTruthy();
        at C:\Users\blake\OneDrive\Desktop\NewProjects\FinalMothersDayV2\carens-cookbook\tests\e2e\real-analytics-generation.test.ts:114:27

    Error Context: ..\test-results\e2e-real-analytics-generat-bb223-lytics-data-from-kingarthur-chromium\error-context.md
]]>
</failure>
<system-out>
<![CDATA[ðŸ” Testing extraction from: https://www.kingarthurbaking.com/recipes/chocolate-chip-cookies-recipe
â±ï¸  Request completed in 32054ms

[[ATTACHMENT|e2e-real-analytics-generat-bb223-lytics-data-from-kingarthur-chromium\error-context.md]]
]]>
</system-out>
</testcase>
<testcase name="Real Analytics Generation â€º Extract real analytics data from tasteofhome" classname="e2e\real-analytics-generation.test.ts" time="45.062">
<failure message="real-analytics-generation.test.ts:72:9 Extract real analytics data from tasteofhome" type="FAILURE">
<![CDATA[  [chromium] â€º e2e\real-analytics-generation.test.ts:72:9 â€º Real Analytics Generation â€º Extract real analytics data from tasteofhome 

    Error: expect(received).toBeTruthy()

    Received: null

      112 |       
      113 |       // Verify extraction was successful
    > 114 |       expect(finalResult).toBeTruthy();
          |                           ^
      115 |       expect(finalResult.recipe).toBeTruthy();
      116 |       expect(finalResult.recipe.title).toBeTruthy();
      117 |       expect(finalResult.recipe.ingredients).toBeTruthy();
        at C:\Users\blake\OneDrive\Desktop\NewProjects\FinalMothersDayV2\carens-cookbook\tests\e2e\real-analytics-generation.test.ts:114:27

    Error Context: ..\test-results\e2e-real-analytics-generat-1fef4-ytics-data-from-tasteofhome-chromium\error-context.md
]]>
</failure>
<system-out>
<![CDATA[ðŸ” Testing extraction from: https://www.tasteofhome.com/recipes/makeover-creamy-macaroni-and-cheese/
â±ï¸  Request completed in 45046ms

[[ATTACHMENT|e2e-real-analytics-generat-1fef4-ytics-data-from-tasteofhome-chromium\error-context.md]]
]]>
</system-out>
</testcase>
<testcase name="Real Analytics Generation â€º Verify analytics dashboard can display real data" classname="e2e\real-analytics-generation.test.ts" time="5.025">
<system-out>
<![CDATA[âœ… Analytics dashboard loaded successfully with real data
]]>
</system-out>
</testcase>
<testcase name="Real Analytics Generation â€º Verify analytics aggregation functions work with real data" classname="e2e\real-analytics-generation.test.ts" time="0.104">
<failure message="real-analytics-generation.test.ts:191:7 Verify analytics aggregation functions work with real data" type="FAILURE">
<![CDATA[  [chromium] â€º e2e\real-analytics-generation.test.ts:191:7 â€º Real Analytics Generation â€º Verify analytics aggregation functions work with real data 

    Error: expect(received).toBeGreaterThan(expected)

    Expected: > 0
    Received:   0

      195 |     });
      196 |     
    > 197 |     expect(totalExtractions).toBeGreaterThan(0);
          |                              ^
      198 |     
      199 |     const successfulExtractions = await prisma.recipeExtractionMetrics.count({
      200 |       where: {
        at C:\Users\blake\OneDrive\Desktop\NewProjects\FinalMothersDayV2\carens-cookbook\tests\e2e\real-analytics-generation.test.ts:197:30

    Error Context: ..\test-results\e2e-real-analytics-generat-38db6-nctions-work-with-real-data-chromium\error-context.md
]]>
</failure>
<system-out>
<![CDATA[
[[ATTACHMENT|e2e-real-analytics-generat-38db6-nctions-work-with-real-data-chromium\error-context.md]]
]]>
</system-out>
</testcase>
</testsuite>
<testsuite name="e2e\real-analytics-generation.test.ts" timestamp="2025-06-10T08:03:11.194Z" hostname="firefox" tests="5" failures="4" skipped="0" time="99.903" errors="0">
<testcase name="Real Analytics Generation â€º Extract real analytics data from allrecipes" classname="e2e\real-analytics-generation.test.ts" time="33.815">
<failure message="real-analytics-generation.test.ts:72:9 Extract real analytics data from allrecipes" type="FAILURE">
<![CDATA[  [firefox] â€º e2e\real-analytics-generation.test.ts:72:9 â€º Real Analytics Generation â€º Extract real analytics data from allrecipes 

    Error: expect(received).toBeTruthy()

    Received: null

      112 |       
      113 |       // Verify extraction was successful
    > 114 |       expect(finalResult).toBeTruthy();
          |                           ^
      115 |       expect(finalResult.recipe).toBeTruthy();
      116 |       expect(finalResult.recipe.title).toBeTruthy();
      117 |       expect(finalResult.recipe.ingredients).toBeTruthy();
        at C:\Users\blake\OneDrive\Desktop\NewProjects\FinalMothersDayV2\carens-cookbook\tests\e2e\real-analytics-generation.test.ts:114:27

    Error Context: ..\test-results\e2e-real-analytics-generat-0c068-lytics-data-from-allrecipes-firefox\error-context.md
]]>
</failure>
<system-out>
<![CDATA[ðŸ” Testing extraction from: https://www.allrecipes.com/recipe/213742/cheesy-chicken-broccoli-casserole/
â±ï¸  Request completed in 33801ms

[[ATTACHMENT|e2e-real-analytics-generat-0c068-lytics-data-from-allrecipes-firefox\error-context.md]]
]]>
</system-out>
</testcase>
<testcase name="Real Analytics Generation â€º Extract real analytics data from kingarthur" classname="e2e\real-analytics-generation.test.ts" time="33.652">
<failure message="real-analytics-generation.test.ts:72:9 Extract real analytics data from kingarthur" type="FAILURE">
<![CDATA[  [firefox] â€º e2e\real-analytics-generation.test.ts:72:9 â€º Real Analytics Generation â€º Extract real analytics data from kingarthur 

    Error: expect(received).toBeTruthy()

    Received: null

      112 |       
      113 |       // Verify extraction was successful
    > 114 |       expect(finalResult).toBeTruthy();
          |                           ^
      115 |       expect(finalResult.recipe).toBeTruthy();
      116 |       expect(finalResult.recipe.title).toBeTruthy();
      117 |       expect(finalResult.recipe.ingredients).toBeTruthy();
        at C:\Users\blake\OneDrive\Desktop\NewProjects\FinalMothersDayV2\carens-cookbook\tests\e2e\real-analytics-generation.test.ts:114:27

    Error Context: ..\test-results\e2e-real-analytics-generat-bb223-lytics-data-from-kingarthur-firefox\error-context.md
]]>
</failure>
<system-out>
<![CDATA[ðŸ” Testing extraction from: https://www.kingarthurbaking.com/recipes/chocolate-chip-cookies-recipe
â±ï¸  Request completed in 33633ms

[[ATTACHMENT|e2e-real-analytics-generat-bb223-lytics-data-from-kingarthur-firefox\error-context.md]]
]]>
</system-out>
</testcase>
<testcase name="Real Analytics Generation â€º Extract real analytics data from tasteofhome" classname="e2e\real-analytics-generation.test.ts" time="27.532">
<failure message="real-analytics-generation.test.ts:72:9 Extract real analytics data from tasteofhome" type="FAILURE">
<![CDATA[  [firefox] â€º e2e\real-analytics-generation.test.ts:72:9 â€º Real Analytics Generation â€º Extract real analytics data from tasteofhome 

    Error: expect(received).toBeTruthy()

    Received: null

      112 |       
      113 |       // Verify extraction was successful
    > 114 |       expect(finalResult).toBeTruthy();
          |                           ^
      115 |       expect(finalResult.recipe).toBeTruthy();
      116 |       expect(finalResult.recipe.title).toBeTruthy();
      117 |       expect(finalResult.recipe.ingredients).toBeTruthy();
        at C:\Users\blake\OneDrive\Desktop\NewProjects\FinalMothersDayV2\carens-cookbook\tests\e2e\real-analytics-generation.test.ts:114:27

    Error Context: ..\test-results\e2e-real-analytics-generat-1fef4-ytics-data-from-tasteofhome-firefox\error-context.md
]]>
</failure>
<system-out>
<![CDATA[ðŸ” Testing extraction from: https://www.tasteofhome.com/recipes/makeover-creamy-macaroni-and-cheese/
â±ï¸  Request completed in 27519ms

[[ATTACHMENT|e2e-real-analytics-generat-1fef4-ytics-data-from-tasteofhome-firefox\error-context.md]]
]]>
</system-out>
</testcase>
<testcase name="Real Analytics Generation â€º Verify analytics dashboard can display real data" classname="e2e\real-analytics-generation.test.ts" time="4.807">
<system-out>
<![CDATA[âœ… Analytics dashboard loaded successfully with real data
]]>
</system-out>
</testcase>
<testcase name="Real Analytics Generation â€º Verify analytics aggregation functions work with real data" classname="e2e\real-analytics-generation.test.ts" time="0.097">
<failure message="real-analytics-generation.test.ts:191:7 Verify analytics aggregation functions work with real data" type="FAILURE">
<![CDATA[  [firefox] â€º e2e\real-analytics-generation.test.ts:191:7 â€º Real Analytics Generation â€º Verify analytics aggregation functions work with real data 

    Error: expect(received).toBeGreaterThan(expected)

    Expected: > 0
    Received:   0

      195 |     });
      196 |     
    > 197 |     expect(totalExtractions).toBeGreaterThan(0);
          |                              ^
      198 |     
      199 |     const successfulExtractions = await prisma.recipeExtractionMetrics.count({
      200 |       where: {
        at C:\Users\blake\OneDrive\Desktop\NewProjects\FinalMothersDayV2\carens-cookbook\tests\e2e\real-analytics-generation.test.ts:197:30

    Error Context: ..\test-results\e2e-real-analytics-generat-38db6-nctions-work-with-real-data-firefox\error-context.md
]]>
</failure>
<system-out>
<![CDATA[
[[ATTACHMENT|e2e-real-analytics-generat-38db6-nctions-work-with-real-data-firefox\error-context.md]]
]]>
</system-out>
</testcase>
</testsuite>
<testsuite name="e2e\real-analytics-generation.test.ts" timestamp="2025-06-10T08:03:11.194Z" hostname="webkit" tests="5" failures="4" skipped="0" time="109.129" errors="0">
<testcase name="Real Analytics Generation â€º Extract real analytics data from allrecipes" classname="e2e\real-analytics-generation.test.ts" time="26.318">
<failure message="real-analytics-generation.test.ts:72:9 Extract real analytics data from allrecipes" type="FAILURE">
<![CDATA[  [webkit] â€º e2e\real-analytics-generation.test.ts:72:9 â€º Real Analytics Generation â€º Extract real analytics data from allrecipes 

    Error: expect(received).toBeTruthy()

    Received: null

      112 |       
      113 |       // Verify extraction was successful
    > 114 |       expect(finalResult).toBeTruthy();
          |                           ^
      115 |       expect(finalResult.recipe).toBeTruthy();
      116 |       expect(finalResult.recipe.title).toBeTruthy();
      117 |       expect(finalResult.recipe.ingredients).toBeTruthy();
        at C:\Users\blake\OneDrive\Desktop\NewProjects\FinalMothersDayV2\carens-cookbook\tests\e2e\real-analytics-generation.test.ts:114:27

    Error Context: ..\test-results\e2e-real-analytics-generat-0c068-lytics-data-from-allrecipes-webkit\error-context.md
]]>
</failure>
<system-out>
<![CDATA[ðŸ” Testing extraction from: https://www.allrecipes.com/recipe/213742/cheesy-chicken-broccoli-casserole/
â±ï¸  Request completed in 26303ms

[[ATTACHMENT|e2e-real-analytics-generat-0c068-lytics-data-from-allrecipes-webkit\error-context.md]]
]]>
</system-out>
</testcase>
<testcase name="Real Analytics Generation â€º Extract real analytics data from kingarthur" classname="e2e\real-analytics-generation.test.ts" time="36.652">
<failure message="real-analytics-generation.test.ts:72:9 Extract real analytics data from kingarthur" type="FAILURE">
<![CDATA[  [webkit] â€º e2e\real-analytics-generation.test.ts:72:9 â€º Real Analytics Generation â€º Extract real analytics data from kingarthur 

    Error: expect(received).toBeTruthy()

    Received: null

      112 |       
      113 |       // Verify extraction was successful
    > 114 |       expect(finalResult).toBeTruthy();
          |                           ^
      115 |       expect(finalResult.recipe).toBeTruthy();
      116 |       expect(finalResult.recipe.title).toBeTruthy();
      117 |       expect(finalResult.recipe.ingredients).toBeTruthy();
        at C:\Users\blake\OneDrive\Desktop\NewProjects\FinalMothersDayV2\carens-cookbook\tests\e2e\real-analytics-generation.test.ts:114:27

    Error Context: ..\test-results\e2e-real-analytics-generat-bb223-lytics-data-from-kingarthur-webkit\error-context.md
]]>
</failure>
<system-out>
<![CDATA[ðŸ” Testing extraction from: https://www.kingarthurbaking.com/recipes/chocolate-chip-cookies-recipe
â±ï¸  Request completed in 36638ms

[[ATTACHMENT|e2e-real-analytics-generat-bb223-lytics-data-from-kingarthur-webkit\error-context.md]]
]]>
</system-out>
</testcase>
<testcase name="Real Analytics Generation â€º Extract real analytics data from tasteofhome" classname="e2e\real-analytics-generation.test.ts" time="42.565">
<failure message="real-analytics-generation.test.ts:72:9 Extract real analytics data from tasteofhome" type="FAILURE">
<![CDATA[  [webkit] â€º e2e\real-analytics-generation.test.ts:72:9 â€º Real Analytics Generation â€º Extract real analytics data from tasteofhome 

    Error: expect(received).toBeTruthy()

    Received: null

      112 |       
      113 |       // Verify extraction was successful
    > 114 |       expect(finalResult).toBeTruthy();
          |                           ^
      115 |       expect(finalResult.recipe).toBeTruthy();
      116 |       expect(finalResult.recipe.title).toBeTruthy();
      117 |       expect(finalResult.recipe.ingredients).toBeTruthy();
        at C:\Users\blake\OneDrive\Desktop\NewProjects\FinalMothersDayV2\carens-cookbook\tests\e2e\real-analytics-generation.test.ts:114:27

    Error Context: ..\test-results\e2e-real-analytics-generat-1fef4-ytics-data-from-tasteofhome-webkit\error-context.md
]]>
</failure>
<system-out>
<![CDATA[ðŸ” Testing extraction from: https://www.tasteofhome.com/recipes/makeover-creamy-macaroni-and-cheese/
â±ï¸  Request completed in 42551ms

[[ATTACHMENT|e2e-real-analytics-generat-1fef4-ytics-data-from-tasteofhome-webkit\error-context.md]]
]]>
</system-out>
</testcase>
<testcase name="Real Analytics Generation â€º Verify analytics dashboard can display real data" classname="e2e\real-analytics-generation.test.ts" time="3.496">
<system-out>
<![CDATA[âœ… Analytics dashboard loaded successfully with real data
]]>
</system-out>
</testcase>
<testcase name="Real Analytics Generation â€º Verify analytics aggregation functions work with real data" classname="e2e\real-analytics-generation.test.ts" time="0.098">
<failure message="real-analytics-generation.test.ts:191:7 Verify analytics aggregation functions work with real data" type="FAILURE">
<![CDATA[  [webkit] â€º e2e\real-analytics-generation.test.ts:191:7 â€º Real Analytics Generation â€º Verify analytics aggregation functions work with real data 

    Error: expect(received).toBeGreaterThan(expected)

    Expected: > 0
    Received:   0

      195 |     });
      196 |     
    > 197 |     expect(totalExtractions).toBeGreaterThan(0);
          |                              ^
      198 |     
      199 |     const successfulExtractions = await prisma.recipeExtractionMetrics.count({
      200 |       where: {
        at C:\Users\blake\OneDrive\Desktop\NewProjects\FinalMothersDayV2\carens-cookbook\tests\e2e\real-analytics-generation.test.ts:197:30

    Error Context: ..\test-results\e2e-real-analytics-generat-38db6-nctions-work-with-real-data-webkit\error-context.md
]]>
</failure>
<system-out>
<![CDATA[
[[ATTACHMENT|e2e-real-analytics-generat-38db6-nctions-work-with-real-data-webkit\error-context.md]]
]]>
</system-out>
</testcase>
</testsuite>
<testsuite name="e2e\real-analytics-generation.test.ts" timestamp="2025-06-10T08:03:11.194Z" hostname="Mobile Chrome" tests="5" failures="4" skipped="0" time="93.09" errors="0">
<testcase name="Real Analytics Generation â€º Extract real analytics data from allrecipes" classname="e2e\real-analytics-generation.test.ts" time="31.6">
<failure message="real-analytics-generation.test.ts:72:9 Extract real analytics data from allrecipes" type="FAILURE">
<![CDATA[  [Mobile Chrome] â€º e2e\real-analytics-generation.test.ts:72:9 â€º Real Analytics Generation â€º Extract real analytics data from allrecipes 

    Error: expect(received).toBeTruthy()

    Received: null

      112 |       
      113 |       // Verify extraction was successful
    > 114 |       expect(finalResult).toBeTruthy();
          |                           ^
      115 |       expect(finalResult.recipe).toBeTruthy();
      116 |       expect(finalResult.recipe.title).toBeTruthy();
      117 |       expect(finalResult.recipe.ingredients).toBeTruthy();
        at C:\Users\blake\OneDrive\Desktop\NewProjects\FinalMothersDayV2\carens-cookbook\tests\e2e\real-analytics-generation.test.ts:114:27

    Error Context: ..\test-results\e2e-real-analytics-generat-0c068-lytics-data-from-allrecipes-Mobile-Chrome\error-context.md
]]>
</failure>
<system-out>
<![CDATA[ðŸ” Testing extraction from: https://www.allrecipes.com/recipe/213742/cheesy-chicken-broccoli-casserole/
â±ï¸  Request completed in 31588ms

[[ATTACHMENT|e2e-real-analytics-generat-0c068-lytics-data-from-allrecipes-Mobile-Chrome\error-context.md]]
]]>
</system-out>
</testcase>
<testcase name="Real Analytics Generation â€º Extract real analytics data from kingarthur" classname="e2e\real-analytics-generation.test.ts" time="25.055">
<failure message="real-analytics-generation.test.ts:72:9 Extract real analytics data from kingarthur" type="FAILURE">
<![CDATA[  [Mobile Chrome] â€º e2e\real-analytics-generation.test.ts:72:9 â€º Real Analytics Generation â€º Extract real analytics data from kingarthur 

    Error: expect(received).toBeTruthy()

    Received: null

      112 |       
      113 |       // Verify extraction was successful
    > 114 |       expect(finalResult).toBeTruthy();
          |                           ^
      115 |       expect(finalResult.recipe).toBeTruthy();
      116 |       expect(finalResult.recipe.title).toBeTruthy();
      117 |       expect(finalResult.recipe.ingredients).toBeTruthy();
        at C:\Users\blake\OneDrive\Desktop\NewProjects\FinalMothersDayV2\carens-cookbook\tests\e2e\real-analytics-generation.test.ts:114:27

    Error Context: ..\test-results\e2e-real-analytics-generat-bb223-lytics-data-from-kingarthur-Mobile-Chrome\error-context.md
]]>
</failure>
<system-out>
<![CDATA[ðŸ” Testing extraction from: https://www.kingarthurbaking.com/recipes/chocolate-chip-cookies-recipe
â±ï¸  Request completed in 25043ms

[[ATTACHMENT|e2e-real-analytics-generat-bb223-lytics-data-from-kingarthur-Mobile-Chrome\error-context.md]]
]]>
</system-out>
</testcase>
<testcase name="Real Analytics Generation â€º Extract real analytics data from tasteofhome" classname="e2e\real-analytics-generation.test.ts" time="33.835">
<failure message="real-analytics-generation.test.ts:72:9 Extract real analytics data from tasteofhome" type="FAILURE">
<![CDATA[  [Mobile Chrome] â€º e2e\real-analytics-generation.test.ts:72:9 â€º Real Analytics Generation â€º Extract real analytics data from tasteofhome 

    Error: expect(received).toBeTruthy()

    Received: null

      112 |       
      113 |       // Verify extraction was successful
    > 114 |       expect(finalResult).toBeTruthy();
          |                           ^
      115 |       expect(finalResult.recipe).toBeTruthy();
      116 |       expect(finalResult.recipe.title).toBeTruthy();
      117 |       expect(finalResult.recipe.ingredients).toBeTruthy();
        at C:\Users\blake\OneDrive\Desktop\NewProjects\FinalMothersDayV2\carens-cookbook\tests\e2e\real-analytics-generation.test.ts:114:27

    Error Context: ..\test-results\e2e-real-analytics-generat-1fef4-ytics-data-from-tasteofhome-Mobile-Chrome\error-context.md
]]>
</failure>
<system-out>
<![CDATA[ðŸ” Testing extraction from: https://www.tasteofhome.com/recipes/makeover-creamy-macaroni-and-cheese/
â±ï¸  Request completed in 33822ms

[[ATTACHMENT|e2e-real-analytics-generat-1fef4-ytics-data-from-tasteofhome-Mobile-Chrome\error-context.md]]
]]>
</system-out>
</testcase>
<testcase name="Real Analytics Generation â€º Verify analytics dashboard can display real data" classname="e2e\real-analytics-generation.test.ts" time="2.502">
<system-out>
<![CDATA[âœ… Analytics dashboard loaded successfully with real data
]]>
</system-out>
</testcase>
<testcase name="Real Analytics Generation â€º Verify analytics aggregation functions work with real data" classname="e2e\real-analytics-generation.test.ts" time="0.098">
<failure message="real-analytics-generation.test.ts:191:7 Verify analytics aggregation functions work with real data" type="FAILURE">
<![CDATA[  [Mobile Chrome] â€º e2e\real-analytics-generation.test.ts:191:7 â€º Real Analytics Generation â€º Verify analytics aggregation functions work with real data 

    Error: expect(received).toBeGreaterThan(expected)

    Expected: > 0
    Received:   0

      195 |     });
      196 |     
    > 197 |     expect(totalExtractions).toBeGreaterThan(0);
          |                              ^
      198 |     
      199 |     const successfulExtractions = await prisma.recipeExtractionMetrics.count({
      200 |       where: {
        at C:\Users\blake\OneDrive\Desktop\NewProjects\FinalMothersDayV2\carens-cookbook\tests\e2e\real-analytics-generation.test.ts:197:30

    Error Context: ..\test-results\e2e-real-analytics-generat-38db6-nctions-work-with-real-data-Mobile-Chrome\error-context.md
]]>
</failure>
<system-out>
<![CDATA[
[[ATTACHMENT|e2e-real-analytics-generat-38db6-nctions-work-with-real-data-Mobile-Chrome\error-context.md]]
]]>
</system-out>
</testcase>
</testsuite>
<testsuite name="e2e\real-analytics-generation.test.ts" timestamp="2025-06-10T08:03:11.194Z" hostname="Mobile Safari" tests="5" failures="4" skipped="0" time="93.953" errors="0">
<testcase name="Real Analytics Generation â€º Extract real analytics data from allrecipes" classname="e2e\real-analytics-generation.test.ts" time="32.293">
<failure message="real-analytics-generation.test.ts:72:9 Extract real analytics data from allrecipes" type="FAILURE">
<![CDATA[  [Mobile Safari] â€º e2e\real-analytics-generation.test.ts:72:9 â€º Real Analytics Generation â€º Extract real analytics data from allrecipes 

    Error: expect(received).toBeTruthy()

    Received: null

      112 |       
      113 |       // Verify extraction was successful
    > 114 |       expect(finalResult).toBeTruthy();
          |                           ^
      115 |       expect(finalResult.recipe).toBeTruthy();
      116 |       expect(finalResult.recipe.title).toBeTruthy();
      117 |       expect(finalResult.recipe.ingredients).toBeTruthy();
        at C:\Users\blake\OneDrive\Desktop\NewProjects\FinalMothersDayV2\carens-cookbook\tests\e2e\real-analytics-generation.test.ts:114:27

    Error Context: ..\test-results\e2e-real-analytics-generat-0c068-lytics-data-from-allrecipes-Mobile-Safari\error-context.md
]]>
</failure>
<system-out>
<![CDATA[ðŸ” Testing extraction from: https://www.allrecipes.com/recipe/213742/cheesy-chicken-broccoli-casserole/
â±ï¸  Request completed in 32279ms

[[ATTACHMENT|e2e-real-analytics-generat-0c068-lytics-data-from-allrecipes-Mobile-Safari\error-context.md]]
]]>
</system-out>
</testcase>
<testcase name="Real Analytics Generation â€º Extract real analytics data from kingarthur" classname="e2e\real-analytics-generation.test.ts" time="27.41">
<failure message="real-analytics-generation.test.ts:72:9 Extract real analytics data from kingarthur" type="FAILURE">
<![CDATA[  [Mobile Safari] â€º e2e\real-analytics-generation.test.ts:72:9 â€º Real Analytics Generation â€º Extract real analytics data from kingarthur 

    Error: expect(received).toBeTruthy()

    Received: null

      112 |       
      113 |       // Verify extraction was successful
    > 114 |       expect(finalResult).toBeTruthy();
          |                           ^
      115 |       expect(finalResult.recipe).toBeTruthy();
      116 |       expect(finalResult.recipe.title).toBeTruthy();
      117 |       expect(finalResult.recipe.ingredients).toBeTruthy();
        at C:\Users\blake\OneDrive\Desktop\NewProjects\FinalMothersDayV2\carens-cookbook\tests\e2e\real-analytics-generation.test.ts:114:27

    Error Context: ..\test-results\e2e-real-analytics-generat-bb223-lytics-data-from-kingarthur-Mobile-Safari\error-context.md
]]>
</failure>
<system-out>
<![CDATA[ðŸ” Testing extraction from: https://www.kingarthurbaking.com/recipes/chocolate-chip-cookies-recipe
â±ï¸  Request completed in 27397ms

[[ATTACHMENT|e2e-real-analytics-generat-bb223-lytics-data-from-kingarthur-Mobile-Safari\error-context.md]]
]]>
</system-out>
</testcase>
<testcase name="Real Analytics Generation â€º Extract real analytics data from tasteofhome" classname="e2e\real-analytics-generation.test.ts" time="31.666">
<failure message="real-analytics-generation.test.ts:72:9 Extract real analytics data from tasteofhome" type="FAILURE">
<![CDATA[  [Mobile Safari] â€º e2e\real-analytics-generation.test.ts:72:9 â€º Real Analytics Generation â€º Extract real analytics data from tasteofhome 

    Error: expect(received).toBeTruthy()

    Received: null

      112 |       
      113 |       // Verify extraction was successful
    > 114 |       expect(finalResult).toBeTruthy();
          |                           ^
      115 |       expect(finalResult.recipe).toBeTruthy();
      116 |       expect(finalResult.recipe.title).toBeTruthy();
      117 |       expect(finalResult.recipe.ingredients).toBeTruthy();
        at C:\Users\blake\OneDrive\Desktop\NewProjects\FinalMothersDayV2\carens-cookbook\tests\e2e\real-analytics-generation.test.ts:114:27

    Error Context: ..\test-results\e2e-real-analytics-generat-1fef4-ytics-data-from-tasteofhome-Mobile-Safari\error-context.md
]]>
</failure>
<system-out>
<![CDATA[ðŸ” Testing extraction from: https://www.tasteofhome.com/recipes/makeover-creamy-macaroni-and-cheese/
â±ï¸  Request completed in 31652ms

[[ATTACHMENT|e2e-real-analytics-generat-1fef4-ytics-data-from-tasteofhome-Mobile-Safari\error-context.md]]
]]>
</system-out>
</testcase>
<testcase name="Real Analytics Generation â€º Verify analytics dashboard can display real data" classname="e2e\real-analytics-generation.test.ts" time="2.496">
<system-out>
<![CDATA[âœ… Analytics dashboard loaded successfully with real data
]]>
</system-out>
</testcase>
<testcase name="Real Analytics Generation â€º Verify analytics aggregation functions work with real data" classname="e2e\real-analytics-generation.test.ts" time="0.088">
<failure message="real-analytics-generation.test.ts:191:7 Verify analytics aggregation functions work with real data" type="FAILURE">
<![CDATA[  [Mobile Safari] â€º e2e\real-analytics-generation.test.ts:191:7 â€º Real Analytics Generation â€º Verify analytics aggregation functions work with real data 

    Error: expect(received).toBeGreaterThan(expected)

    Expected: > 0
    Received:   0

      195 |     });
      196 |     
    > 197 |     expect(totalExtractions).toBeGreaterThan(0);
          |                              ^
      198 |     
      199 |     const successfulExtractions = await prisma.recipeExtractionMetrics.count({
      200 |       where: {
        at C:\Users\blake\OneDrive\Desktop\NewProjects\FinalMothersDayV2\carens-cookbook\tests\e2e\real-analytics-generation.test.ts:197:30

    Error Context: ..\test-results\e2e-real-analytics-generat-38db6-nctions-work-with-real-data-Mobile-Safari\error-context.md
]]>
</failure>
<system-out>
<![CDATA[
[[ATTACHMENT|e2e-real-analytics-generat-38db6-nctions-work-with-real-data-Mobile-Safari\error-context.md]]
]]>
</system-out>
</testcase>
</testsuite>
</testsuites>