<testsuites id="" name="" tests="1" failures="1" skipped="0" errors="0" time="41.360085999999995">
<testsuite name="e2e\real-analytics-generation.test.ts" timestamp="2025-06-10T08:08:55.898Z" hostname="chromium" tests="1" failures="1" skipped="0" time="31.658" errors="0">
<testcase name="Real Analytics Generation › Extract real analytics data from allrecipes" classname="e2e\real-analytics-generation.test.ts" time="31.658">
<failure message="real-analytics-generation.test.ts:72:9 Extract real analytics data from allrecipes" type="FAILURE">
<![CDATA[  [chromium] › e2e\real-analytics-generation.test.ts:72:9 › Real Analytics Generation › Extract real analytics data from allrecipes 

    Error: expect(received).toBe(expected) // Object.is equality

    Expected: "allrecipes"
    Received: "allrecipes.com"

      141 |       expect(metric.primaryStrategy).toBeTruthy();
      142 |       expect(metric.totalDuration).toBeGreaterThan(0);
    > 143 |       expect(metric.domain).toBe(testRecipe.source);
          |                             ^
      144 |       
      145 |       console.log(`📈 Analytics recorded - Strategy: ${metric.primaryStrategy}, Duration: ${metric.totalDuration}ms`);
      146 |       
        at C:\Users\blake\OneDrive\Desktop\NewProjects\FinalMothersDayV2\carens-cookbook\tests\e2e\real-analytics-generation.test.ts:143:29

    Error Context: ..\test-results\e2e-real-analytics-generat-0c068-lytics-data-from-allrecipes-chromium\error-context.md
]]>
</failure>
<system-out>
<![CDATA[🔍 Testing extraction from: https://www.allrecipes.com/recipe/213742/cheesy-chicken-broccoli-casserole/
⏱️  Request completed in 30508ms
✅ Successfully extracted: "Cheesy Chicken and Broccoli Casserole"
🔧 Strategy used: gemini-url-direct
📊 10 ingredients, 6 steps

[[ATTACHMENT|e2e-real-analytics-generat-0c068-lytics-data-from-allrecipes-chromium\error-context.md]]
]]>
</system-out>
</testcase>
</testsuite>
</testsuites>